SF:lib/models/card_item.dart
DA:8,2
DA:10,2
DA:12,2
DA:17,2
DA:19,2
DA:20,2
DA:24,4
DA:27,2
DA:28,2
DA:29,2
DA:30,1
DA:46,3
DA:55,3
DA:57,1
DA:64,1
DA:65,1
DA:68,6
DA:71,6
DA:74,6
DA:77,6
DA:80,6
DA:83,1
DA:84,2
DA:85,1
DA:93,0
DA:94,0
DA:98,4
DA:100,3
DA:101,3
DA:102,3
DA:103,3
DA:104,3
DA:105,3
DA:106,6
DA:107,6
DA:108,3
DA:109,3
DA:113,2
DA:115,2
DA:122,2
DA:125,2
DA:129,2
DA:130,2
DA:131,2
DA:132,2
DA:133,2
DA:136,2
DA:137,4
DA:138,1
DA:139,2
DA:140,2
DA:144,2
DA:154,2
DA:155,2
DA:156,1
DA:157,2
DA:158,2
DA:159,0
DA:160,2
DA:161,2
DA:162,2
DA:167,0
DA:168,0
DA:169,0
DA:170,0
DA:171,0
DA:172,0
DA:175,0
DA:176,0
DA:179,0
DA:180,0
DA:181,0
DA:182,0
DA:183,0
DA:186,0
LF:75
LH:58
end_of_record
SF:lib/models/code_renderer.dart
DA:20,9
DA:21,3
DA:22,3
DA:26,3
DA:27,6
DA:29,0
DA:36,1
DA:37,2
DA:41,4
DA:46,2
DA:53,2
DA:62,1
DA:64,1
DA:73,2
DA:76,2
DA:79,1
DA:85,2
DA:92,2
DA:93,2
DA:103,1
DA:105,1
DA:106,1
DA:116,2
DA:119,2
DA:120,4
DA:121,4
DA:124,1
LF:27
LH:26
end_of_record
SF:lib/helpers/database_helper.dart
DA:7,6
DA:8,4
DA:10,2
DA:14,1
DA:16,1
DA:20,1
DA:21,1
DA:22,1
DA:24,1
DA:27,0
DA:28,0
DA:41,0
DA:42,0
DA:43,0
DA:47,0
DA:48,0
DA:49,0
DA:52,0
DA:54,0
DA:58,0
DA:60,0
DA:62,0
DA:63,0
DA:64,0
DA:66,0
DA:68,0
DA:71,0
DA:73,0
DA:74,0
DA:80,1
DA:81,1
DA:84,2
DA:87,1
DA:88,1
DA:90,1
DA:91,5
DA:94,0
DA:95,0
DA:96,0
DA:99,0
DA:100,0
DA:101,0
DA:106,0
DA:107,0
DA:108,0
DA:109,0
DA:110,0
DA:111,0
DA:113,0
DA:115,0
DA:119,0
DA:122,1
DA:123,1
DA:124,2
DA:127,0
DA:128,0
DA:129,0
DA:130,0
DA:132,0
DA:134,0
LF:60
LH:19
end_of_record
SF:lib/l10n/app_localizations.dart
DA:66,4
DA:67,8
DA:71,4
DA:72,4
DA:538,4
DA:540,4
DA:542,8
DA:545,4
DA:547,12
DA:549,0
DA:553,4
DA:555,4
DA:556,4
DA:557,4
DA:558,0
DA:559,0
DA:560,0
DA:561,0
DA:564,0
LF:19
LH:13
end_of_record
SF:lib/pages/settings_page.dart
DA:7,4
DA:9,2
DA:10,2
DA:17,2
DA:19,2
DA:20,4
DA:21,4
DA:22,2
DA:23,2
DA:27,2
DA:29,4
DA:30,2
DA:33,1
DA:34,1
DA:35,2
DA:36,2
DA:37,2
DA:42,2
DA:44,2
DA:46,2
DA:47,6
DA:48,2
DA:49,2
DA:50,2
DA:51,4
DA:52,6
DA:54,2
DA:56,2
DA:58,4
DA:59,6
DA:60,4
DA:61,2
DA:68,2
DA:70,2
DA:71,2
DA:72,1
DA:73,1
DA:74,0
DA:75,0
DA:77,0
DA:81,2
DA:83,2
DA:84,0
DA:85,2
DA:86,1
DA:89,2
DA:93,2
DA:95,2
DA:97,2
DA:105,1
DA:106,1
DA:108,1
DA:110,1
DA:111,1
DA:112,2
DA:113,1
DA:115,1
DA:116,2
DA:117,2
DA:118,2
DA:126,1
DA:127,1
DA:129,1
DA:131,1
DA:132,1
DA:133,2
DA:134,1
DA:136,1
DA:137,1
DA:140,1
DA:143,1
DA:146,1
DA:149,1
DA:152,1
DA:162,1
DA:167,1
DA:168,1
DA:169,1
DA:171,1
DA:172,0
DA:174,0
DA:175,0
DA:176,0
DA:181,1
DA:182,1
DA:183,1
DA:184,1
DA:190,1
DA:196,1
DA:197,1
DA:198,1
DA:199,1
DA:201,1
DA:202,0
DA:204,0
DA:205,0
DA:206,0
DA:211,1
DA:212,1
DA:213,1
DA:214,1
LF:101
LH:89
end_of_record
SF:lib/utils/app_settings.dart
DA:12,1
DA:13,1
DA:17,2
DA:18,1
DA:22,1
DA:23,1
DA:24,1
DA:28,2
DA:29,1
DA:33,1
DA:34,1
DA:35,1
DA:39,6
DA:41,2
DA:42,4
DA:45,2
DA:46,4
DA:49,1
DA:50,2
DA:51,1
DA:56,0
DA:57,0
DA:58,0
DA:61,0
DA:62,0
DA:63,0
LF:26
LH:20
end_of_record
SF:lib/l10n/app_localizations_en.dart
DA:9,8
DA:11,0
DA:14,1
DA:17,2
DA:20,2
DA:23,2
DA:26,1
DA:29,1
DA:32,1
DA:35,3
DA:38,1
DA:41,0
DA:44,0
DA:46,0
DA:49,1
DA:52,1
DA:55,2
DA:58,1
DA:61,0
DA:64,0
DA:67,0
DA:70,1
DA:73,0
DA:76,1
DA:79,0
DA:81,0
DA:84,0
DA:87,2
DA:90,2
DA:93,1
DA:96,2
DA:99,1
DA:102,1
DA:105,2
DA:108,1
DA:111,1
DA:114,1
DA:117,2
DA:120,0
DA:122,0
DA:125,0
DA:128,0
DA:132,0
DA:136,0
DA:139,0
DA:143,0
DA:147,0
DA:150,0
DA:153,0
DA:156,0
DA:159,0
DA:162,1
DA:165,0
DA:168,1
DA:171,0
DA:174,0
DA:177,0
DA:180,0
DA:183,0
DA:186,0
DA:189,0
DA:192,0
DA:196,0
DA:199,0
DA:202,0
DA:205,0
DA:208,0
DA:211,2
DA:214,0
DA:218,0
DA:221,0
DA:224,0
DA:227,2
DA:230,2
DA:233,0
DA:237,2
LF:76
LH:33
end_of_record
SF:lib/l10n/app_localizations_es.dart
DA:9,0
DA:11,0
DA:14,0
DA:17,0
DA:20,0
DA:23,0
DA:26,0
DA:30,0
DA:33,0
DA:37,0
DA:40,0
DA:43,0
DA:46,0
DA:48,0
DA:51,0
DA:54,0
DA:57,0
DA:60,0
DA:63,0
DA:66,0
DA:69,0
DA:72,0
DA:75,0
DA:78,0
DA:81,0
DA:83,0
DA:86,0
DA:89,0
DA:92,0
DA:95,0
DA:98,0
DA:101,0
DA:104,0
DA:107,0
DA:110,0
DA:113,0
DA:116,0
DA:119,0
DA:122,0
DA:124,0
DA:127,0
DA:130,0
DA:134,0
DA:138,0
DA:141,0
DA:145,0
DA:149,0
DA:152,0
DA:155,0
DA:158,0
DA:161,0
DA:164,0
DA:167,0
DA:170,0
DA:173,0
DA:177,0
DA:180,0
DA:183,0
DA:186,0
DA:189,0
DA:192,0
DA:195,0
DA:199,0
DA:202,0
DA:205,0
DA:208,0
DA:211,0
DA:214,0
DA:217,0
DA:221,0
DA:224,0
DA:227,0
DA:230,0
DA:233,0
DA:236,0
DA:240,0
LF:76
LH:0
end_of_record
SF:lib/l10n/app_localizations_nl.dart
DA:9,0
DA:11,0
DA:14,0
DA:17,0
DA:20,0
DA:23,0
DA:26,0
DA:29,0
DA:32,0
DA:36,0
DA:39,0
DA:42,0
DA:45,0
DA:47,0
DA:50,0
DA:53,0
DA:56,0
DA:59,0
DA:62,0
DA:65,0
DA:68,0
DA:71,0
DA:74,0
DA:77,0
DA:80,0
DA:82,0
DA:85,0
DA:88,0
DA:91,0
DA:94,0
DA:97,0
DA:100,0
DA:103,0
DA:106,0
DA:109,0
DA:112,0
DA:115,0
DA:118,0
DA:121,0
DA:123,0
DA:126,0
DA:129,0
DA:133,0
DA:137,0
DA:140,0
DA:144,0
DA:148,0
DA:151,0
DA:154,0
DA:157,0
DA:160,0
DA:163,0
DA:166,0
DA:169,0
DA:172,0
DA:175,0
DA:178,0
DA:181,0
DA:184,0
DA:187,0
DA:190,0
DA:193,0
DA:197,0
DA:200,0
DA:203,0
DA:206,0
DA:209,0
DA:212,0
DA:215,0
DA:219,0
DA:222,0
DA:225,0
DA:228,0
DA:231,0
DA:234,0
DA:238,0
LF:76
LH:0
end_of_record
SF:lib/pages/add_card_page.dart
DA:15,4
DA:17,2
DA:19,2
DA:24,2
DA:25,2
DA:29,2
DA:31,2
DA:32,8
DA:35,2
DA:37,4
DA:38,2
DA:39,2
DA:44,4
DA:48,1
DA:51,1
DA:52,0
DA:53,1
DA:54,1
DA:55,0
DA:56,0
DA:58,0
DA:62,0
DA:63,0
DA:64,0
DA:65,0
DA:68,0
DA:71,0
DA:72,0
DA:74,0
DA:78,1
DA:79,3
DA:80,1
DA:82,2
DA:91,0
DA:95,0
DA:97,0
DA:101,0
DA:102,0
DA:103,0
DA:106,0
DA:108,0
DA:109,0
DA:111,0
DA:115,2
DA:127,2
DA:129,2
DA:131,2
DA:132,2
DA:134,2
DA:136,2
DA:137,2
DA:138,4
DA:139,6
DA:144,2
DA:145,2
DA:146,2
DA:147,2
DA:148,4
DA:149,6
DA:152,2
DA:153,2
DA:154,2
DA:155,2
DA:157,4
DA:163,2
DA:165,2
DA:166,4
DA:173,2
DA:178,2
DA:179,2
DA:183,0
DA:188,2
DA:189,4
DA:190,8
DA:191,2
DA:198,2
DA:199,2
DA:200,4
DA:201,2
DA:202,4
DA:204,2
DA:205,2
DA:206,2
DA:209,4
DA:210,4
DA:212,0
DA:214,0
DA:216,4
DA:217,2
DA:220,4
DA:221,4
DA:223,2
DA:225,1
DA:232,2
DA:233,0
DA:234,6
DA:242,2
DA:249,2
DA:250,2
DA:252,2
DA:253,6
DA:254,2
DA:256,6
DA:258,2
DA:259,2
DA:261,4
DA:264,4
DA:274,0
DA:278,0
DA:279,0
DA:288,0
DA:289,0
DA:290,0
DA:291,0
DA:292,0
DA:293,0
DA:294,0
DA:295,0
DA:296,0
DA:297,0
DA:298,0
DA:299,0
DA:301,0
DA:302,0
DA:304,0
DA:306,0
DA:309,0
DA:310,0
DA:311,0
DA:313,0
DA:314,0
DA:315,0
DA:316,0
DA:324,0
DA:326,0
DA:327,0
DA:328,0
DA:329,0
DA:330,0
DA:332,0
DA:333,0
DA:334,0
DA:335,0
DA:337,0
DA:338,0
DA:341,0
DA:342,0
DA:343,0
DA:347,0
DA:351,0
DA:352,0
DA:370,0
DA:371,0
DA:380,0
DA:381,0
DA:383,0
DA:384,0
DA:385,0
DA:389,0
DA:395,0
DA:399,0
DA:400,0
DA:403,0
DA:406,0
DA:407,0
DA:409,0
DA:413,0
DA:416,0
DA:417,0
DA:418,0
DA:423,0
DA:431,0
DA:432,0
DA:435,0
DA:436,0
DA:437,0
DA:441,0
DA:442,0
DA:443,0
DA:444,0
DA:450,0
DA:452,0
DA:453,0
DA:454,0
DA:455,0
DA:456,0
DA:458,0
DA:459,0
DA:461,0
DA:463,0
DA:464,0
DA:465,0
DA:466,0
DA:467,0
DA:469,0
DA:472,0
DA:473,0
DA:474,0
DA:476,0
DA:479,0
DA:480,0
DA:481,0
DA:482,0
DA:483,0
DA:495,0
DA:496,0
DA:498,0
DA:499,0
DA:500,0
DA:502,0
DA:505,0
DA:506,0
DA:507,0
DA:508,0
DA:509,0
DA:510,0
DA:511,0
DA:516,0
DA:517,0
DA:542,0
DA:544,0
DA:545,0
DA:548,0
DA:551,0
DA:552,0
DA:553,0
DA:554,0
DA:566,0
DA:567,0
DA:570,0
DA:571,0
DA:572,0
DA:573,0
DA:574,0
DA:577,0
DA:578,0
DA:581,0
DA:582,0
DA:583,0
DA:592,0
DA:594,0
DA:595,0
DA:596,0
DA:598,0
DA:600,0
DA:601,0
DA:603,0
DA:605,0
DA:606,0
DA:609,0
DA:611,0
DA:615,0
DA:617,0
DA:619,0
DA:623,0
DA:624,0
DA:646,1
DA:652,1
DA:653,1
DA:664,1
DA:666,1
DA:667,3
DA:668,4
DA:669,2
DA:670,2
DA:673,0
DA:674,0
DA:675,0
DA:676,0
DA:680,0
DA:681,0
DA:682,0
DA:683,0
DA:685,0
DA:692,0
DA:693,0
DA:694,0
DA:695,0
DA:697,0
DA:698,0
DA:703,1
DA:705,2
DA:706,2
DA:707,2
DA:708,1
DA:711,1
DA:713,1
DA:714,1
DA:715,1
DA:716,2
DA:717,1
DA:719,1
DA:721,1
DA:722,1
DA:723,1
DA:725,1
DA:727,3
DA:728,0
DA:730,0
DA:731,0
DA:734,0
DA:735,0
DA:736,0
DA:737,0
DA:738,0
DA:739,0
DA:744,1
DA:745,1
DA:749,1
DA:751,2
DA:752,1
DA:754,2
DA:756,1
DA:757,0
DA:759,0
DA:760,0
DA:765,1
DA:766,1
DA:767,1
DA:768,1
DA:770,2
DA:771,0
DA:772,1
DA:774,2
DA:775,0
DA:776,1
DA:779,1
DA:781,1
DA:782,1
DA:783,1
DA:784,1
DA:785,1
DA:786,1
DA:789,1
DA:791,1
DA:792,1
DA:793,1
DA:795,1
DA:796,1
DA:797,1
DA:801,1
DA:803,1
DA:804,0
DA:806,0
DA:807,0
DA:808,0
DA:809,0
DA:813,1
DA:814,0
DA:816,0
DA:817,0
DA:819,1
DA:820,1
DA:821,0
DA:822,0
DA:823,0
DA:824,0
DA:825,0
DA:826,0
DA:827,0
DA:828,0
DA:829,0
DA:834,1
DA:837,2
LF:364
LH:143
end_of_record
SF:lib/pages/home_page.dart
DA:26,1
DA:28,1
DA:29,1
DA:42,1
DA:44,1
DA:46,4
DA:47,1
DA:49,2
DA:50,0
DA:51,0
DA:52,0
DA:53,0
DA:59,0
DA:61,0
DA:62,0
DA:63,0
DA:65,0
DA:66,0
DA:71,1
DA:73,2
DA:74,1
DA:77,1
DA:78,1
DA:79,2
DA:82,2
DA:84,0
DA:85,0
DA:86,0
DA:88,0
DA:90,2
DA:91,1
DA:95,0
DA:96,0
DA:97,0
DA:98,0
DA:100,0
DA:101,0
DA:104,0
DA:105,0
DA:106,0
DA:107,0
DA:108,0
DA:114,1
DA:115,1
DA:116,1
DA:119,0
DA:120,0
DA:121,0
DA:123,0
DA:125,0
DA:126,0
DA:128,0
DA:129,0
DA:130,0
DA:131,0
DA:132,0
DA:133,0
DA:135,0
DA:136,0
DA:137,0
DA:138,0
DA:139,0
DA:140,0
DA:141,0
DA:145,0
DA:146,0
DA:147,0
DA:148,0
DA:151,0
DA:152,0
DA:153,0
DA:154,0
DA:160,1
DA:161,0
DA:163,0
DA:164,0
DA:165,0
DA:166,0
DA:168,0
DA:172,1
DA:173,1
DA:175,0
DA:176,0
DA:177,0
DA:181,1
DA:183,1
DA:184,1
DA:185,1
DA:186,2
DA:193,0
DA:194,0
DA:195,0
DA:196,0
DA:198,0
DA:199,0
DA:202,0
DA:203,0
DA:204,0
DA:205,0
DA:209,0
DA:210,0
DA:211,0
DA:213,0
DA:214,0
DA:218,0
DA:219,0
DA:224,0
DA:225,0
DA:226,0
DA:227,0
DA:229,0
DA:230,0
DA:232,0
DA:237,0
DA:238,0
DA:246,0
DA:247,0
DA:248,0
DA:259,0
DA:260,0
DA:261,0
DA:264,0
DA:267,0
DA:268,0
DA:270,0
DA:271,0
DA:273,0
DA:274,0
DA:275,0
DA:276,0
DA:277,0
DA:281,0
DA:285,0
DA:290,0
DA:292,0
DA:293,0
DA:294,0
DA:296,0
DA:297,0
DA:299,0
DA:300,0
DA:301,0
DA:302,0
DA:304,0
DA:306,0
DA:308,0
DA:309,0
DA:310,0
DA:317,0
DA:319,0
DA:320,0
DA:321,0
DA:322,0
DA:333,1
DA:335,1
DA:336,1
DA:337,1
DA:338,1
DA:340,2
DA:342,1
DA:344,3
DA:345,1
DA:346,3
DA:352,2
DA:353,1
DA:354,0
DA:359,0
DA:360,0
DA:361,0
DA:362,0
DA:363,0
DA:364,0
DA:367,0
DA:369,0
DA:372,0
DA:374,0
DA:378,0
DA:379,0
DA:380,0
DA:381,0
DA:383,0
DA:384,0
DA:386,0
DA:387,0
DA:392,0
DA:394,0
DA:395,0
DA:397,0
DA:398,0
DA:400,0
DA:401,0
DA:402,0
DA:403,0
DA:405,0
DA:409,0
DA:411,0
DA:416,0
DA:418,0
DA:419,0
DA:420,0
DA:422,0
DA:423,0
DA:425,0
DA:437,0
DA:439,0
DA:440,0
DA:442,0
DA:445,0
DA:457,0
DA:459,1
DA:460,1
DA:461,3
DA:462,3
DA:471,1
DA:472,1
DA:473,1
DA:475,1
DA:477,1
DA:478,1
DA:481,3
DA:484,1
DA:485,1
DA:486,4
DA:487,3
DA:492,1
DA:493,1
DA:495,2
DA:496,1
DA:501,3
DA:502,3
DA:503,3
DA:504,1
DA:505,1
DA:516,1
DA:517,1
DA:519,1
DA:520,2
DA:523,0
DA:524,0
DA:525,0
DA:526,0
DA:527,0
DA:528,0
DA:529,0
DA:531,0
DA:533,0
DA:541,1
DA:552,0
DA:553,0
DA:554,0
DA:556,0
DA:557,0
DA:558,0
DA:559,0
DA:560,0
DA:561,0
DA:570,0
DA:571,0
DA:572,0
DA:573,0
DA:581,1
DA:582,3
DA:583,1
DA:584,2
DA:587,0
DA:588,0
DA:589,0
DA:593,4
DA:594,3
DA:599,1
DA:600,0
DA:601,1
DA:603,1
DA:604,1
DA:606,1
DA:607,1
DA:612,0
DA:614,0
LF:278
LH:81
end_of_record
SF:lib/pages/card_detail_page.dart
DA:19,1
DA:21,1
DA:22,1
DA:31,1
DA:33,1
DA:34,3
DA:35,4
DA:36,4
DA:39,1
DA:41,2
DA:42,2
DA:43,1
DA:46,0
DA:47,0
DA:48,0
DA:49,0
DA:51,0
DA:52,0
DA:53,0
DA:54,0
DA:60,0
DA:61,0
DA:66,1
DA:68,1
DA:69,1
DA:72,1
DA:75,2
DA:76,2
DA:77,2
DA:78,1
DA:79,1
DA:80,0
DA:81,2
DA:83,1
DA:84,3
DA:85,2
DA:92,1
DA:95,1
DA:97,2
DA:98,0
DA:101,0
DA:104,4
DA:106,1
DA:107,1
DA:112,0
DA:114,0
DA:116,0
DA:117,0
DA:118,0
DA:119,0
DA:122,0
DA:127,0
DA:128,0
DA:129,0
DA:132,0
DA:135,0
DA:136,0
DA:138,0
DA:139,0
DA:141,0
DA:142,0
DA:143,0
DA:144,0
DA:145,0
DA:149,0
DA:153,1
DA:155,1
DA:156,1
DA:157,2
DA:158,4
DA:159,1
DA:160,2
DA:162,2
DA:163,2
DA:166,1
DA:167,2
DA:168,1
DA:169,2
DA:171,3
DA:173,1
DA:174,1
DA:175,2
DA:176,0
DA:177,0
DA:178,1
DA:179,1
DA:180,2
DA:181,3
DA:182,2
DA:193,1
DA:194,1
DA:195,3
DA:196,1
DA:197,1
DA:199,1
DA:200,3
DA:201,1
DA:202,1
DA:204,2
DA:205,1
DA:206,3
DA:207,1
DA:208,2
DA:212,1
DA:214,1
DA:216,1
DA:218,1
DA:225,1
DA:226,1
DA:231,0
DA:233,1
DA:234,1
DA:236,1
DA:242,1
DA:244,1
DA:246,2
DA:249,2
DA:250,1
DA:251,2
DA:269,3
DA:270,1
DA:272,1
DA:274,1
DA:275,1
DA:276,1
DA:277,3
DA:280,0
DA:283,1
DA:289,1
DA:290,2
DA:291,3
DA:294,0
DA:297,1
DA:304,1
DA:311,1
DA:312,3
DA:313,3
DA:314,2
DA:316,2
DA:324,0
DA:330,0
DA:331,0
DA:343,0
DA:345,0
DA:346,0
DA:347,0
DA:348,0
DA:349,0
DA:350,0
DA:351,0
DA:354,0
DA:356,0
DA:357,0
DA:358,0
DA:359,0
DA:362,0
DA:363,0
DA:364,0
DA:365,0
DA:366,0
DA:370,0
DA:372,0
DA:373,0
DA:375,0
DA:376,0
DA:377,0
DA:380,0
DA:381,0
DA:382,0
DA:383,0
DA:385,0
DA:386,0
DA:387,0
DA:390,0
DA:391,0
DA:392,0
DA:394,0
DA:395,0
DA:401,0
DA:402,0
DA:403,0
DA:404,0
DA:405,0
DA:412,0
DA:414,0
DA:415,0
DA:416,0
DA:417,0
DA:420,0
DA:422,0
DA:423,0
DA:424,0
DA:425,0
DA:426,0
DA:427,0
DA:428,0
DA:434,0
LF:197
LH:100
end_of_record
SF:lib/pages/edit_card_page.dart
DA:15,0
DA:17,0
DA:18,0
DA:31,0
DA:33,0
DA:34,0
DA:35,0
DA:36,0
DA:37,0
DA:39,0
DA:40,0
DA:43,0
DA:44,0
DA:45,0
DA:48,0
DA:50,0
DA:51,0
DA:52,0
DA:54,0
DA:55,0
DA:56,0
DA:57,0
DA:58,0
DA:61,0
DA:62,0
DA:64,0
DA:65,0
DA:66,0
DA:67,0
DA:68,0
DA:77,0
DA:78,0
DA:79,0
DA:85,0
DA:86,0
DA:87,0
DA:88,0
DA:92,0
DA:93,0
DA:94,0
DA:95,0
DA:96,0
DA:97,0
DA:98,0
DA:100,0
DA:101,0
DA:102,0
DA:103,0
DA:105,0
DA:109,0
DA:110,0
DA:111,0
DA:112,0
DA:113,0
DA:115,0
DA:116,0
DA:117,0
DA:118,0
DA:119,0
DA:120,0
DA:121,0
DA:123,0
DA:124,0
DA:125,0
DA:135,0
DA:137,0
DA:138,0
DA:140,0
DA:144,0
DA:150,0
DA:151,0
DA:153,0
DA:154,0
DA:157,0
DA:158,0
DA:159,0
DA:160,0
DA:161,0
DA:164,0
DA:165,0
DA:166,0
DA:167,0
DA:169,0
DA:173,0
DA:175,0
DA:176,0
DA:178,0
DA:179,0
DA:180,0
DA:181,0
DA:182,0
DA:183,0
DA:188,0
DA:189,0
DA:190,0
DA:191,0
DA:192,0
DA:199,0
DA:200,0
DA:201,0
DA:203,0
DA:204,0
DA:206,0
DA:208,0
DA:209,0
DA:210,0
DA:211,0
DA:212,0
DA:213,0
DA:219,0
DA:220,0
DA:221,0
DA:222,0
DA:224,0
DA:225,0
DA:226,0
DA:230,0
DA:231,0
DA:235,0
DA:236,0
DA:237,0
DA:239,0
DA:243,0
DA:246,0
DA:247,0
DA:248,0
DA:252,0
DA:253,0
DA:266,0
DA:267,0
DA:278,0
DA:280,0
DA:281,0
DA:283,0
DA:285,0
DA:286,0
DA:287,0
DA:288,0
DA:291,0
DA:292,0
DA:295,0
DA:298,0
DA:300,0
DA:301,0
DA:302,0
DA:304,0
DA:310,0
LF:147
LH:0
end_of_record
