SF:lib/helpers/database_helper.dart
DA:7,12
DA:8,8
DA:10,4
DA:14,2
DA:16,2
DA:20,2
DA:21,2
DA:22,2
DA:24,2
DA:27,0
DA:28,0
DA:41,0
DA:42,0
DA:43,0
DA:47,0
DA:48,0
DA:49,0
DA:52,0
DA:54,0
DA:58,0
DA:60,0
DA:62,0
DA:63,0
DA:64,0
DA:66,0
DA:68,0
DA:71,0
DA:73,0
DA:74,0
DA:80,2
DA:81,2
DA:84,4
DA:87,2
DA:88,2
DA:90,2
DA:91,10
DA:94,0
DA:95,0
DA:96,0
DA:99,0
DA:100,0
DA:101,0
DA:106,0
DA:107,0
DA:108,0
DA:109,0
DA:110,0
DA:111,0
DA:113,0
DA:115,0
DA:119,0
DA:122,2
DA:123,2
DA:124,4
DA:127,1
DA:128,1
DA:129,1
DA:130,1
DA:132,1
DA:134,2
DA:138,1
DA:139,1
DA:140,1
DA:143,1
DA:144,1
DA:145,1
DA:148,1
DA:150,1
DA:151,2
LF:69
LH:34
end_of_record
SF:lib/models/card_item.dart
DA:8,5
DA:10,5
DA:12,5
DA:17,6
DA:19,6
DA:20,6
DA:24,12
DA:27,2
DA:28,2
DA:29,2
DA:30,2
DA:46,8
DA:55,8
DA:57,2
DA:64,2
DA:65,2
DA:68,6
DA:71,6
DA:74,6
DA:77,6
DA:80,18
DA:83,5
DA:84,10
DA:85,5
DA:92,0
DA:93,0
DA:96,4
DA:98,4
DA:99,4
DA:100,4
DA:101,4
DA:102,4
DA:103,4
DA:104,8
DA:105,8
DA:106,4
DA:107,4
DA:111,3
DA:113,3
DA:119,3
DA:121,2
DA:125,3
DA:126,3
DA:127,3
DA:128,3
DA:129,3
DA:132,3
DA:133,6
DA:134,1
DA:135,3
DA:136,3
DA:140,4
DA:150,4
DA:151,3
DA:152,3
DA:153,3
DA:154,4
DA:155,0
DA:156,4
DA:157,4
DA:158,4
DA:162,0
DA:163,0
DA:164,0
DA:165,0
DA:166,0
DA:167,0
DA:170,0
DA:171,0
DA:174,0
DA:175,0
DA:176,0
DA:177,0
DA:178,0
DA:181,0
LF:75
LH:58
end_of_record
SF:lib/models/code_renderer.dart
DA:18,21
DA:19,7
DA:20,7
DA:24,7
DA:25,14
DA:27,0
DA:34,1
DA:35,2
DA:39,4
DA:44,4
DA:51,4
DA:66,1
DA:68,1
DA:83,3
DA:85,3
DA:88,1
DA:94,6
DA:101,6
DA:102,6
DA:112,1
DA:114,1
DA:115,1
DA:125,3
DA:128,3
DA:129,6
DA:130,6
DA:133,1
LF:27
LH:26
end_of_record
SF:lib/pages/home_page.dart
DA:26,2
DA:28,2
DA:29,2
DA:42,2
DA:44,2
DA:46,8
DA:47,2
DA:49,4
DA:50,0
DA:51,0
DA:52,0
DA:53,0
DA:59,0
DA:61,0
DA:62,0
DA:63,0
DA:65,0
DA:66,0
DA:71,2
DA:73,4
DA:74,2
DA:77,2
DA:78,2
DA:79,4
DA:82,4
DA:84,0
DA:85,0
DA:86,0
DA:88,0
DA:90,4
DA:91,2
DA:95,0
DA:96,0
DA:97,0
DA:98,0
DA:100,0
DA:102,0
DA:104,0
DA:105,0
DA:109,0
DA:110,0
DA:115,0
DA:120,0
DA:122,0
DA:127,0
DA:128,0
DA:129,0
DA:130,0
DA:131,0
DA:137,2
DA:138,2
DA:139,2
DA:142,0
DA:143,0
DA:144,0
DA:146,0
DA:148,0
DA:149,0
DA:151,0
DA:152,0
DA:153,0
DA:154,0
DA:155,0
DA:156,0
DA:158,0
DA:159,0
DA:160,0
DA:161,0
DA:162,0
DA:163,0
DA:164,0
DA:168,0
DA:169,0
DA:170,0
DA:171,0
DA:174,0
DA:175,0
DA:176,0
DA:177,0
DA:183,2
DA:184,0
DA:186,0
DA:187,0
DA:188,0
DA:189,0
DA:191,0
DA:195,2
DA:196,2
DA:198,0
DA:199,0
DA:200,0
DA:204,2
DA:206,1
DA:207,1
DA:208,1
DA:209,2
DA:216,0
DA:217,0
DA:218,0
DA:219,0
DA:221,0
DA:222,0
DA:225,0
DA:226,0
DA:227,0
DA:228,0
DA:232,0
DA:233,0
DA:234,0
DA:236,0
DA:237,0
DA:241,0
DA:242,0
DA:247,0
DA:248,0
DA:249,0
DA:250,0
DA:252,0
DA:253,0
DA:255,0
DA:260,0
DA:261,0
DA:269,0
DA:270,0
DA:271,0
DA:282,0
DA:283,0
DA:284,0
DA:287,0
DA:290,0
DA:291,0
DA:293,0
DA:294,0
DA:296,0
DA:297,0
DA:298,0
DA:299,0
DA:300,0
DA:304,0
DA:308,0
DA:313,0
DA:315,0
DA:316,0
DA:317,0
DA:319,0
DA:320,0
DA:322,0
DA:323,0
DA:324,0
DA:325,0
DA:327,0
DA:329,0
DA:331,0
DA:332,0
DA:333,0
DA:340,0
DA:342,0
DA:343,0
DA:344,0
DA:345,0
DA:356,2
DA:358,2
DA:359,2
DA:360,2
DA:361,2
DA:363,4
DA:365,2
DA:367,6
DA:368,2
DA:369,6
DA:375,4
DA:376,2
DA:377,1
DA:382,2
DA:383,1
DA:384,2
DA:385,1
DA:386,1
DA:387,1
DA:390,1
DA:392,1
DA:393,2
DA:395,3
DA:398,1
DA:399,1
DA:400,0
DA:401,1
DA:403,3
DA:404,1
DA:406,3
DA:407,1
DA:412,1
DA:414,1
DA:416,1
DA:417,1
DA:418,1
DA:420,2
DA:423,1
DA:424,1
DA:426,1
DA:427,1
DA:428,1
DA:429,1
DA:431,3
DA:435,1
DA:437,2
DA:442,4
DA:444,1
DA:445,1
DA:446,1
DA:448,3
DA:449,1
DA:450,1
DA:451,1
DA:452,1
DA:462,1
DA:464,0
DA:465,1
DA:467,1
DA:470,3
DA:482,1
DA:484,2
DA:485,2
DA:486,6
DA:487,6
DA:496,2
DA:497,2
DA:498,2
DA:500,2
DA:502,2
DA:503,2
DA:506,6
DA:509,2
DA:510,2
DA:511,8
DA:512,6
DA:517,2
DA:518,2
DA:520,4
DA:521,2
DA:526,6
DA:527,6
DA:528,6
DA:529,2
DA:530,2
DA:541,1
DA:542,1
DA:544,1
DA:545,2
DA:548,0
DA:549,0
DA:550,0
DA:551,0
DA:552,0
DA:553,0
DA:554,0
DA:556,0
DA:558,0
LF:258
LH:115
end_of_record
SF:lib/widgets/logo_avatar_widget.dart
DA:13,6
DA:21,5
DA:24,5
DA:25,0
DA:26,0
DA:27,0
DA:28,0
DA:29,0
DA:30,0
DA:31,0
DA:34,0
DA:35,0
DA:40,5
DA:42,0
DA:43,0
DA:44,0
DA:45,0
DA:46,0
DA:47,0
DA:48,0
DA:49,0
DA:51,0
DA:52,0
DA:58,0
DA:59,0
DA:60,0
DA:61,0
DA:71,15
DA:72,12
DA:73,6
DA:75,9
DA:76,9
DA:77,0
DA:78,0
DA:79,0
DA:82,5
DA:83,6
DA:84,10
DA:86,5
DA:87,3
DA:90,3
DA:91,6
DA:96,2
DA:98,4
LF:44
LH:18
end_of_record
SF:lib/l10n/app_localizations.dart
DA:66,18
DA:70,5
DA:71,5
DA:546,10
DA:548,6
DA:550,12
DA:553,6
DA:554,18
DA:556,1
DA:560,6
DA:564,6
DA:565,11
DA:566,1
DA:567,2
DA:570,0
LF:15
LH:14
end_of_record
SF:lib/l10n/app_localizations_en.dart
DA:9,10
DA:11,0
DA:14,1
DA:17,1
DA:20,0
DA:23,0
DA:26,1
DA:29,1
DA:32,1
DA:35,1
DA:38,1
DA:41,0
DA:44,0
DA:46,0
DA:49,1
DA:52,1
DA:55,2
DA:58,1
DA:61,0
DA:64,0
DA:67,0
DA:70,0
DA:73,1
DA:76,1
DA:79,0
DA:81,0
DA:84,0
DA:87,2
DA:90,2
DA:93,1
DA:96,2
DA:99,1
DA:102,1
DA:105,2
DA:108,0
DA:111,2
DA:114,1
DA:117,1
DA:120,1
DA:123,2
DA:126,0
DA:128,0
DA:131,0
DA:134,0
DA:137,0
DA:140,0
DA:143,0
DA:146,0
DA:149,0
DA:152,0
DA:155,0
DA:158,0
DA:161,1
DA:164,1
DA:167,0
DA:170,1
DA:173,0
DA:176,0
DA:179,1
DA:182,0
DA:185,0
DA:188,0
DA:191,0
DA:194,0
DA:197,0
DA:200,0
DA:203,1
DA:206,1
DA:209,0
DA:212,0
DA:215,0
DA:218,0
DA:221,0
DA:224,0
DA:227,0
DA:230,0
DA:233,0
DA:236,0
LF:78
LH:32
end_of_record
SF:lib/l10n/app_localizations_es.dart
DA:9,0
DA:11,0
DA:14,0
DA:17,0
DA:20,0
DA:23,0
DA:26,0
DA:29,0
DA:32,0
DA:35,0
DA:38,0
DA:41,0
DA:44,0
DA:46,0
DA:49,0
DA:52,0
DA:55,0
DA:58,0
DA:61,0
DA:64,0
DA:67,0
DA:70,0
DA:73,0
DA:76,0
DA:79,0
DA:81,0
DA:84,0
DA:87,0
DA:90,0
DA:93,0
DA:96,0
DA:99,0
DA:102,0
DA:105,0
DA:108,0
DA:111,0
DA:114,0
DA:117,0
DA:120,0
DA:123,0
DA:126,0
DA:128,0
DA:131,0
DA:134,0
DA:137,0
DA:140,0
DA:143,0
DA:146,0
DA:149,0
DA:152,0
DA:155,0
DA:158,0
DA:161,0
DA:164,0
DA:167,0
DA:170,0
DA:173,0
DA:176,0
DA:179,0
DA:182,0
DA:185,0
DA:188,0
DA:191,0
DA:194,0
DA:197,0
DA:200,0
DA:203,0
DA:206,0
DA:209,0
DA:212,0
DA:215,0
DA:218,0
DA:221,0
DA:224,0
DA:227,0
DA:230,0
DA:233,0
DA:236,0
LF:78
LH:0
end_of_record
SF:lib/l10n/app_localizations_nl.dart
DA:9,2
DA:11,0
DA:14,1
DA:17,1
DA:20,0
DA:23,0
DA:26,1
DA:29,0
DA:32,0
DA:35,0
DA:38,0
DA:41,0
DA:44,0
DA:46,0
DA:49,0
DA:52,0
DA:55,0
DA:58,0
DA:61,0
DA:64,0
DA:67,0
DA:70,0
DA:73,0
DA:76,0
DA:79,0
DA:81,0
DA:84,0
DA:87,0
DA:90,0
DA:93,0
DA:96,0
DA:99,0
DA:102,0
DA:105,0
DA:108,0
DA:111,0
DA:114,0
DA:117,0
DA:120,0
DA:123,0
DA:126,0
DA:128,0
DA:131,0
DA:134,0
DA:137,0
DA:140,0
DA:143,0
DA:146,0
DA:149,0
DA:152,0
DA:155,0
DA:158,0
DA:161,0
DA:164,0
DA:167,0
DA:170,0
DA:173,0
DA:176,0
DA:179,0
DA:182,0
DA:185,0
DA:188,0
DA:191,0
DA:194,0
DA:197,0
DA:200,0
DA:203,0
DA:206,0
DA:209,0
DA:212,0
DA:215,0
DA:218,0
DA:221,0
DA:224,0
DA:227,0
DA:230,0
DA:233,0
DA:236,0
LF:78
LH:4
end_of_record
SF:lib/pages/add_card_page.dart
DA:7,12
DA:9,2
DA:10,2
DA:20,2
DA:22,2
DA:23,4
DA:24,4
DA:25,4
DA:26,2
DA:27,2
DA:30,1
DA:32,3
DA:33,1
DA:34,2
DA:35,2
DA:36,2
DA:37,1
DA:38,1
DA:45,2
DA:46,2
DA:47,4
DA:48,4
DA:49,4
DA:50,2
DA:51,2
DA:53,2
DA:54,4
DA:55,4
DA:56,4
DA:60,2
DA:62,2
DA:63,2
DA:64,2
DA:65,2
DA:66,0
DA:68,2
DA:70,2
DA:71,2
DA:72,2
DA:74,2
DA:81,2
DA:82,2
DA:84,2
DA:86,2
DA:88,2
DA:89,2
DA:90,4
DA:91,4
DA:96,2
DA:98,2
DA:99,2
DA:100,2
DA:101,2
DA:102,2
DA:103,6
DA:105,2
DA:110,0
DA:115,2
DA:116,2
DA:117,2
DA:119,2
DA:122,2
DA:124,0
DA:130,2
DA:132,2
DA:135,2
DA:137,2
DA:141,2
DA:143,2
DA:148,4
DA:149,0
DA:152,2
DA:154,2
DA:159,2
DA:161,2
DA:164,2
DA:166,2
DA:168,2
DA:169,4
DA:171,4
DA:174,2
DA:175,2
DA:176,2
DA:177,2
DA:178,6
DA:180,2
DA:182,0
DA:190,2
DA:193,2
DA:194,2
DA:195,2
DA:196,2
DA:197,2
DA:198,2
DA:199,6
DA:201,2
DA:202,2
DA:203,2
DA:206,2
DA:208,2
DA:213,2
DA:214,0
DA:215,2
DA:223,2
DA:229,2
DA:231,2
DA:232,2
DA:233,2
DA:234,4
DA:236,2
DA:238,2
DA:240,2
DA:246,2
DA:248,2
DA:250,4
DA:251,2
DA:252,2
DA:253,2
DA:254,2
DA:255,8
DA:265,2
DA:270,2
DA:272,2
DA:273,4
DA:275,2
DA:279,2
DA:280,4
DA:282,4
DA:285,2
DA:287,2
DA:288,4
DA:289,2
LF:132
LH:126
end_of_record
SF:lib/widgets/card_preview_widget.dart
DA:12,3
DA:21,3
DA:23,3
DA:25,3
DA:26,3
DA:27,3
DA:28,6
DA:30,3
DA:31,3
DA:33,3
DA:34,3
DA:35,3
DA:36,3
DA:37,3
DA:40,3
DA:41,3
DA:42,3
DA:44,6
DA:45,1
DA:47,1
DA:48,1
DA:49,2
LF:22
LH:22
end_of_record
SF:lib/pages/card_detail_page.dart
DA:21,1
DA:23,1
DA:24,1
DA:34,1
DA:36,1
DA:37,3
DA:38,4
DA:39,4
DA:40,1
DA:43,1
DA:45,2
DA:46,2
DA:47,1
DA:48,1
DA:51,1
DA:54,1
DA:55,1
DA:56,0
DA:59,0
DA:67,0
DA:69,0
DA:73,1
DA:75,1
DA:76,0
DA:77,0
DA:80,1
DA:82,2
DA:84,0
DA:88,0
DA:89,0
DA:90,0
DA:91,0
DA:93,0
DA:94,0
DA:95,0
DA:96,0
DA:102,0
DA:103,0
DA:108,1
DA:110,1
DA:111,1
DA:114,1
DA:117,2
DA:118,2
DA:119,2
DA:120,1
DA:121,1
DA:122,3
DA:123,2
DA:125,1
DA:126,3
DA:127,2
DA:134,1
DA:137,1
DA:139,2
DA:140,0
DA:143,0
DA:146,4
DA:148,1
DA:149,1
DA:154,0
DA:156,0
DA:158,0
DA:159,0
DA:160,0
DA:161,0
DA:164,0
DA:169,0
DA:170,0
DA:171,0
DA:174,0
DA:177,0
DA:178,0
DA:180,0
DA:181,0
DA:183,0
DA:184,0
DA:185,0
DA:186,0
DA:187,0
DA:191,0
DA:195,1
DA:197,1
DA:198,1
DA:199,2
DA:200,4
DA:202,1
DA:203,2
DA:204,2
DA:206,2
DA:209,1
DA:210,2
DA:211,1
DA:212,2
DA:214,3
DA:216,1
DA:217,1
DA:218,2
DA:219,0
DA:220,0
DA:221,1
DA:222,1
DA:223,2
DA:224,3
DA:225,2
DA:236,1
DA:237,1
DA:238,3
DA:239,1
DA:240,1
DA:242,1
DA:243,3
DA:244,1
DA:245,1
DA:247,2
DA:248,1
DA:249,3
DA:250,1
DA:251,2
DA:255,1
DA:257,1
DA:259,1
DA:261,1
DA:268,1
DA:269,1
DA:274,0
DA:276,1
DA:277,1
DA:279,1
DA:285,1
DA:287,1
DA:289,2
DA:292,2
DA:293,1
DA:294,2
DA:312,3
DA:313,1
DA:315,1
DA:317,1
DA:318,1
DA:319,1
DA:320,3
DA:323,0
DA:326,1
DA:332,1
DA:333,2
DA:334,3
DA:337,0
DA:340,1
DA:347,1
DA:354,1
DA:355,3
DA:356,3
DA:357,2
DA:359,2
DA:367,0
DA:373,0
DA:374,0
DA:386,0
DA:388,0
DA:389,0
DA:390,0
DA:391,0
DA:392,0
DA:393,0
DA:394,0
DA:397,0
DA:399,0
DA:400,0
DA:401,0
DA:402,0
DA:405,0
DA:406,0
DA:407,0
DA:408,0
DA:409,0
DA:413,0
DA:415,0
DA:416,0
DA:418,0
DA:419,0
DA:420,0
DA:423,0
DA:424,0
DA:425,0
DA:426,0
DA:428,0
DA:429,0
DA:430,0
DA:433,0
DA:434,0
DA:435,0
DA:437,0
DA:438,0
DA:444,0
DA:445,0
DA:446,0
DA:447,0
DA:448,0
DA:455,0
DA:457,0
DA:458,0
DA:459,0
DA:460,0
DA:463,0
DA:465,0
DA:466,0
DA:467,0
DA:468,0
DA:469,0
DA:470,0
DA:471,0
DA:477,0
LF:213
LH:110
end_of_record
SF:lib/pages/edit_card_page.dart
DA:14,1
DA:16,1
DA:17,1
DA:34,1
DA:36,1
DA:37,5
DA:38,5
DA:39,2
DA:40,3
DA:42,4
DA:43,2
DA:44,4
DA:47,3
DA:48,3
DA:49,3
DA:50,3
DA:53,1
DA:55,3
DA:56,3
DA:57,3
DA:59,2
DA:60,2
DA:61,2
DA:62,1
DA:63,1
DA:66,1
DA:67,1
DA:69,6
DA:70,6
DA:71,6
DA:72,5
DA:73,5
DA:82,2
DA:83,2
DA:84,1
DA:90,0
DA:91,0
DA:92,0
DA:93,0
DA:97,1
DA:98,2
DA:99,2
DA:101,3
DA:102,3
DA:103,3
DA:104,3
DA:105,1
DA:106,1
DA:108,3
DA:109,1
DA:110,2
DA:111,1
DA:113,3
DA:117,0
DA:118,0
DA:119,0
DA:120,0
DA:121,0
DA:123,0
DA:124,0
DA:125,0
DA:126,0
DA:127,0
DA:128,0
DA:129,0
DA:131,0
DA:132,0
DA:133,0
DA:143,1
DA:144,5
DA:148,1
DA:149,0
DA:150,0
DA:151,0
DA:155,1
DA:157,3
DA:158,0
DA:159,0
DA:160,0
DA:163,2
DA:164,1
DA:165,1
DA:170,1
DA:171,2
DA:172,1
DA:173,1
DA:175,1
DA:178,0
DA:179,0
DA:181,0
DA:182,0
DA:183,0
DA:184,0
DA:185,0
DA:187,0
DA:189,0
DA:190,0
DA:192,0
DA:193,0
DA:194,0
DA:195,0
DA:196,0
DA:199,0
DA:205,1
DA:212,1
DA:219,1
DA:220,1
DA:221,1
DA:222,1
DA:226,1
DA:232,1
DA:234,1
DA:235,1
DA:236,1
DA:237,2
DA:239,1
DA:241,1
DA:243,1
DA:249,1
DA:251,1
DA:253,2
DA:254,1
DA:255,1
DA:256,1
DA:257,1
DA:258,4
DA:268,1
DA:273,1
DA:275,1
DA:276,2
DA:278,1
DA:282,1
DA:283,2
DA:285,2
DA:288,1
DA:290,1
DA:291,2
DA:292,1
DA:299,1
DA:301,1
DA:302,3
DA:304,1
DA:308,1
DA:314,0
DA:315,0
DA:317,0
DA:318,0
DA:321,1
DA:322,1
DA:323,2
DA:324,1
DA:325,1
DA:328,4
DA:329,4
DA:330,1
DA:331,1
DA:333,1
DA:337,1
DA:339,1
DA:340,1
DA:342,1
DA:343,1
DA:344,1
DA:345,1
DA:346,1
DA:349,1
DA:350,1
DA:351,1
DA:352,1
DA:356,4
DA:359,2
DA:360,2
DA:361,1
DA:362,1
DA:367,1
DA:368,1
DA:369,1
DA:370,2
DA:371,1
DA:372,1
DA:375,1
DA:376,1
DA:377,1
DA:379,1
DA:381,1
DA:383,1
DA:384,1
DA:385,2
DA:388,1
DA:390,1
DA:391,2
DA:392,2
DA:393,1
DA:398,1
DA:400,1
DA:401,0
DA:403,0
DA:405,0
DA:406,0
DA:407,0
DA:408,0
DA:411,0
DA:412,0
DA:413,0
DA:417,0
DA:419,0
DA:420,0
DA:421,0
DA:423,0
DA:427,0
DA:429,0
DA:430,0
DA:431,0
DA:433,0
DA:434,0
DA:441,1
DA:442,1
LF:217
LH:152
end_of_record
SF:lib/pages/settings_page.dart
DA:7,11
DA:9,2
DA:10,2
DA:17,2
DA:19,2
DA:20,4
DA:21,4
DA:22,4
DA:25,2
DA:27,4
DA:28,2
DA:31,1
DA:32,1
DA:33,2
DA:34,2
DA:35,2
DA:40,2
DA:42,2
DA:44,2
DA:45,6
DA:46,2
DA:47,2
DA:48,2
DA:49,4
DA:50,4
DA:52,2
DA:54,2
DA:56,4
DA:57,6
DA:58,4
DA:59,2
DA:66,2
DA:68,2
DA:69,2
DA:70,1
DA:71,1
DA:72,0
DA:73,0
DA:75,0
DA:79,2
DA:80,2
DA:81,2
DA:82,2
DA:84,1
DA:85,3
DA:87,1
DA:91,2
DA:93,2
DA:94,0
DA:95,2
DA:96,1
DA:99,2
DA:103,2
DA:105,2
DA:107,2
DA:115,1
DA:116,1
DA:118,1
DA:120,1
DA:121,1
DA:122,2
DA:123,1
DA:125,1
DA:127,1
DA:129,1
DA:130,4
DA:134,2
DA:135,2
DA:136,2
DA:144,1
DA:145,1
DA:147,1
DA:149,1
DA:150,1
DA:151,2
DA:152,1
DA:154,1
DA:155,1
DA:158,1
DA:161,1
DA:164,1
DA:167,1
DA:170,1
DA:180,1
DA:186,1
DA:187,1
DA:188,1
DA:190,1
DA:191,0
DA:194,0
DA:196,0
DA:198,0
DA:199,0
DA:204,1
DA:206,0
DA:208,1
DA:210,1
DA:211,1
DA:217,1
DA:223,1
DA:224,1
DA:225,1
DA:226,1
DA:228,1
DA:229,0
DA:231,0
DA:232,0
DA:233,0
DA:238,1
DA:239,1
DA:240,1
DA:241,1
LF:112
LH:98
end_of_record
SF:lib/utils/app_settings.dart
DA:18,1
DA:19,1
DA:22,1
DA:26,1
DA:27,1
DA:30,0
DA:31,0
DA:36,2
DA:37,4
DA:38,2
DA:41,2
DA:49,2
DA:50,2
DA:54,2
DA:55,1
DA:59,1
DA:60,1
DA:61,1
DA:62,1
DA:66,0
DA:67,0
DA:68,0
DA:69,0
DA:70,0
DA:74,2
DA:75,1
DA:79,1
DA:80,1
DA:81,1
DA:85,6
DA:87,2
DA:88,4
DA:91,2
DA:92,4
DA:95,1
DA:96,2
DA:97,1
DA:102,0
DA:103,0
DA:104,0
DA:107,0
DA:108,0
DA:109,0
LF:43
LH:30
end_of_record
